SF:/home/guilherme/wifi/src/Tseir.jl/test/../src/Tseir.jl
DA:1,2
LH:1
LF:1
end_of_record
SF:/home/guilherme/wifi/src/Tseir.jl/test/../src/agents.jl
DA:24,22
DA:40,14
DA:79,23
DA:80,23
DA:81,23
DA:82,23
DA:83,23
DA:84,23
DA:85,23
DA:86,23
DA:87,23
DA:90,0
DA:91,0
DA:92,0
DA:95,0
DA:96,0
DA:97,0
DA:98,0
DA:101,0
DA:102,0
DA:103,0
DA:104,0
DA:105,0
DA:110,0
DA:111,0
DA:112,0
DA:113,0
DA:115,0
DA:116,0
DA:118,0
DA:120,0
DA:121,0
DA:123,0
DA:134,8
DA:135,8
DA:136,8
DA:137,8
DA:138,8
DA:139,8
DA:152,12
DA:153,12
DA:154,4
DA:156,12
DA:157,4
DA:159,8
DA:161,12
DA:171,2
DA:172,0
DA:174,4
DA:175,2
DA:176,2
DA:177,2
DA:179,2
DA:180,4
DA:181,4
DA:182,4
DA:198,2
DA:199,2
DA:201,2
DA:202,4
DA:203,3
DA:204,4
DA:207,2
DA:211,0
DA:212,0
DA:214,0
DA:215,0
DA:216,0
DA:218,0
DA:227,3
DA:228,0
DA:229,0
DA:230,0
DA:231,0
DA:233,0
DA:236,3
DA:245,9
DA:246,0
DA:247,0
DA:250,9
DA:261,7
DA:262,7
DA:263,7
DA:267,7
DA:269,21
DA:271,21
DA:272,14
DA:273,14
DA:274,10
DA:276,14
DA:280,7
DA:281,1
DA:282,1
DA:283,1
DA:286,6
DA:287,6
DA:298,5
DA:299,5
DA:311,2
DA:312,1
DA:313,0
DA:316,4
DA:317,10
DA:319,1
DA:320,1
DA:322,1
DA:323,74
DA:325,30
DA:327,1
DA:328,1
DA:329,0
DA:330,0
DA:334,1
DA:335,1
DA:338,4
DA:339,4
DA:341,0
DA:343,0
DA:344,2
DA:345,0
DA:347,24
DA:349,12
DA:359,0
DA:360,0
DA:361,0
DA:362,0
DA:363,0
DA:364,0
DA:365,0
DA:366,0
DA:367,0
DA:369,0
DA:370,0
DA:371,0
DA:373,0
DA:375,0
DA:376,0
DA:377,0
DA:378,0
DA:380,0
DA:394,0
DA:395,0
DA:396,0
DA:397,0
DA:398,0
DA:400,0
DA:419,3
DA:420,3
DA:421,3
DA:426,0
DA:427,0
DA:428,0
DA:429,0
DA:430,0
DA:431,0
DA:432,0
DA:433,0
DA:436,0
DA:439,3
DA:440,15
DA:442,1
DA:443,3
DA:445,1
DA:446,1
DA:448,14
DA:457,15
DA:458,15
DA:459,2
DA:460,2
DA:462,13
DA:463,13
DA:464,13
DA:465,13
DA:466,13
DA:467,13
DA:468,13
DA:471,0
DA:472,0
DA:473,0
DA:474,0
DA:482,10
DA:490,5
DA:491,5
DA:492,5
DA:493,5
DA:494,5
DA:495,3
DA:496,3
DA:497,3
DA:498,3
DA:500,0
DA:503,2
DA:506,2
DA:514,1
DA:515,1
DA:516,1
DA:519,1
DA:520,1
DA:521,1
DA:528,22
DA:529,12
DA:533,12
DA:534,6
DA:537,6
DA:538,6
DA:539,6
DA:541,6
DA:542,5
DA:543,1
DA:545,4
DA:550,12
DA:557,17
DA:559,17
DA:560,17
DA:562,34
DA:563,17
DA:564,17
DA:566,17
DA:568,16
DA:569,16
DA:570,16
DA:572,17
DA:576,17
DA:577,9
DA:578,9
DA:586,6
DA:588,6
DA:589,6
DA:591,6
DA:592,6
DA:594,15
DA:595,9
DA:597,9
DA:599,7
DA:602,7
DA:603,7
DA:605,7
DA:607,3
DA:608,3
DA:609,3
DA:610,3
DA:612,3
DA:616,4
DA:617,3
DA:618,3
DA:619,3
DA:621,8
DA:627,2
DA:628,2
DA:629,1
DA:630,1
DA:631,1
DA:633,10
DA:640,6
DA:641,5
DA:642,5
LH:176
LF:256
end_of_record
SF:/home/guilherme/wifi/src/Tseir.jl/test/../src/simulator.jl
DA:16,0
DA:19,0
DA:20,0
DA:21,0
DA:22,0
DA:24,0
DA:25,0
DA:26,0
DA:30,0
DA:32,0
DA:33,0
DA:34,0
DA:35,0
DA:37,0
DA:38,0
DA:39,0
DA:40,0
DA:58,0
DA:61,0
DA:63,0
DA:64,0
DA:66,0
DA:67,0
DA:69,0
DA:70,0
DA:71,0
DA:72,0
DA:73,0
DA:74,0
DA:75,0
DA:78,0
DA:80,0
DA:94,0
DA:97,0
DA:100,0
DA:103,0
DA:104,0
DA:107,0
DA:108,0
DA:124,4
DA:125,4
DA:127,4
DA:128,1
DA:132,3
DA:134,6
DA:135,3
DA:139,3
DA:140,3
DA:141,6
DA:144,3
DA:145,2
DA:146,2
DA:147,5
DA:166,27
DA:168,31
DA:169,22
DA:170,22
DA:171,17
DA:173,22
DA:177,9
DA:178,1
DA:183,8
DA:193,24
DA:195,27
DA:196,19
DA:197,19
DA:198,14
DA:200,19
DA:204,8
DA:205,1
DA:210,7
DA:212,7
DA:227,5
DA:228,3
DA:231,2
DA:238,6
DA:240,5
DA:241,3
DA:242,3
DA:243,2
DA:245,3
DA:249,2
DA:262,0
DA:266,0
DA:267,0
DA:268,0
DA:272,0
DA:273,0
DA:275,0
DA:276,0
DA:278,0
DA:279,0
DA:281,0
DA:285,0
LH:43
LF:94
end_of_record
