SF:/home/guilherme/Tseir.jl/test/../src/Tseir.jl
LH:0
LF:0
end_of_record
SF:/home/guilherme/Tseir.jl/test/../src/individual.jl
DA:23,24
DA:24,24
DA:25,24
DA:26,24
DA:27,24
DA:28,24
DA:31,0
DA:32,0
DA:33,0
DA:36,0
DA:37,0
DA:38,0
DA:39,0
DA:42,0
DA:43,0
DA:44,0
DA:45,0
DA:46,0
DA:51,0
DA:52,0
DA:53,0
DA:54,0
DA:56,0
DA:57,0
DA:59,0
DA:61,0
DA:62,0
DA:64,0
DA:76,12
DA:77,12
DA:78,4
DA:80,12
DA:81,4
DA:83,12
DA:93,2
DA:94,0
DA:96,4
DA:97,2
DA:98,2
DA:99,2
DA:100,2
DA:101,4
DA:102,4
DA:103,4
DA:118,2
DA:119,2
DA:121,2
DA:122,4
DA:123,3
DA:124,4
DA:127,2
DA:131,0
DA:132,0
DA:134,0
DA:135,0
DA:137,0
DA:146,3
DA:147,0
DA:148,0
DA:149,0
DA:150,0
DA:151,0
DA:153,0
DA:156,3
DA:165,14
DA:166,0
DA:167,0
DA:170,14
DA:179,41
DA:188,2
DA:197,52
DA:206,4
DA:216,9
DA:217,9
DA:218,9
DA:227,0
DA:237,4
DA:238,4
DA:239,4
DA:240,0
DA:245,2
DA:246,2
DA:247,2
DA:248,2
DA:258,1
LH:47
LF:85
end_of_record
SF:/home/guilherme/Tseir.jl/test/../src/interval.jl
DA:9,36
LH:1
LF:1
end_of_record
SF:/home/guilherme/Tseir.jl/test/../src/model.jl
DA:16,4
DA:23,2
DA:24,2
DA:25,2
DA:26,2
DA:30,1
DA:31,1
DA:34,0
DA:35,0
DA:44,5
DA:53,15
DA:54,15
DA:66,1
DA:67,2
DA:68,2
DA:69,1
DA:70,1
DA:71,1
DA:72,1
DA:73,1
DA:74,1
DA:79,0
DA:80,0
DA:84,1
DA:93,15
DA:102,6
DA:103,6
DA:104,6
DA:106,0
DA:117,4
DA:121,2
DA:125,14
DA:131,14
DA:133,14
DA:145,5
DA:146,0
DA:147,3
DA:149,14
DA:154,14
DA:155,14
DA:156,14
DA:157,14
DA:161,23
DA:162,5
DA:167,27
DA:169,31
DA:170,22
DA:171,22
DA:172,17
DA:174,22
DA:178,9
DA:179,1
DA:184,8
DA:194,24
DA:196,27
DA:197,19
DA:198,19
DA:199,14
DA:201,19
DA:205,8
DA:206,1
DA:210,7
DA:212,7
LH:57
LF:63
end_of_record
SF:/home/guilherme/Tseir.jl/test/../src/output.jl
DA:1,0
DA:12,0
DA:16,0
DA:17,0
DA:18,0
DA:22,0
DA:23,0
DA:25,0
DA:26,0
DA:28,0
DA:29,0
DA:31,0
DA:34,0
DA:35,0
DA:37,0
DA:38,0
DA:40,0
DA:45,0
DA:54,0
DA:57,0
DA:58,0
DA:59,0
DA:60,0
DA:62,0
DA:63,0
DA:64,0
DA:67,0
DA:68,0
DA:70,0
DA:71,0
DA:72,0
DA:75,0
DA:77,0
DA:78,0
DA:79,0
DA:80,0
DA:82,0
DA:83,0
DA:85,0
DA:86,0
DA:87,0
DA:88,0
DA:89,0
LH:0
LF:43
end_of_record
SF:/home/guilherme/Tseir.jl/test/../src/population.jl
DA:10,2
DA:11,1
DA:12,0
DA:15,4
DA:16,10
DA:18,1
DA:19,1
DA:21,1
DA:22,73
DA:24,30
DA:26,1
DA:27,1
DA:28,0
DA:29,0
DA:33,1
DA:34,1
DA:37,4
DA:38,4
DA:40,0
DA:42,0
DA:43,2
DA:44,0
DA:46,30
DA:48,16
DA:58,0
DA:59,0
DA:60,0
DA:61,0
DA:62,0
DA:63,0
DA:64,0
DA:65,0
DA:66,0
DA:68,0
DA:69,0
DA:70,0
DA:72,0
DA:74,0
DA:75,0
DA:76,0
DA:77,0
DA:79,0
DA:92,0
DA:93,0
DA:94,0
DA:95,0
DA:96,0
DA:98,0
DA:117,2
DA:118,2
DA:119,2
DA:124,0
DA:125,0
DA:126,0
DA:127,0
DA:128,0
DA:129,0
DA:130,0
DA:131,0
DA:134,0
DA:137,3
DA:138,16
DA:140,1
DA:141,3
DA:143,1
DA:144,1
DA:146,13
DA:155,15
DA:156,15
DA:157,2
DA:158,2
DA:160,13
DA:161,13
DA:162,13
DA:163,13
DA:164,13
DA:165,13
DA:166,13
DA:169,0
DA:170,0
DA:171,0
DA:172,0
DA:180,10
DA:188,5
DA:189,5
DA:190,5
DA:191,5
DA:192,5
DA:193,3
DA:194,3
DA:195,3
DA:196,3
DA:198,0
DA:201,2
DA:204,2
DA:212,1
DA:213,1
DA:214,1
DA:217,1
DA:218,1
DA:219,1
DA:226,22
DA:227,12
DA:231,12
DA:232,6
DA:235,6
DA:236,6
DA:237,6
DA:239,6
DA:240,5
DA:241,1
DA:243,4
DA:248,12
DA:255,17
DA:257,17
DA:258,17
DA:260,34
DA:261,17
DA:262,17
DA:264,17
DA:266,16
DA:267,16
DA:268,16
DA:270,17
DA:274,17
DA:275,9
DA:276,9
DA:284,6
DA:286,6
DA:287,6
DA:289,6
DA:290,6
DA:292,15
DA:293,9
DA:295,9
DA:297,7
DA:300,7
DA:301,7
DA:303,7
DA:305,3
DA:306,3
DA:307,3
DA:308,3
DA:310,3
DA:314,4
DA:315,3
DA:316,3
DA:317,3
DA:319,8
DA:325,2
DA:326,2
DA:327,1
DA:328,1
DA:329,1
DA:331,10
DA:338,6
DA:339,5
DA:340,5
LH:114
LF:158
end_of_record
SF:/home/guilherme/Tseir.jl/test/../src/simulator.jl
DA:12,0
DA:15,0
DA:20,0
DA:22,0
DA:23,0
DA:24,0
DA:25,0
DA:26,0
DA:27,0
DA:28,0
DA:31,0
DA:33,0
DA:43,0
DA:45,0
DA:48,0
DA:51,0
DA:52,0
DA:55,0
DA:56,0
DA:57,0
DA:58,0
DA:75,4
DA:77,8
DA:78,0
DA:81,4
DA:82,4
DA:84,8
DA:85,1
DA:88,6
DA:89,3
DA:93,4
DA:94,3
DA:95,2
DA:96,1
DA:97,1
DA:99,0
DA:101,6
DA:102,3
DA:103,6
DA:106,4
DA:107,2
DA:108,3
DA:109,2
DA:110,5
DA:128,10
DA:129,3
DA:132,2
DA:139,6
DA:141,5
DA:142,3
DA:143,3
DA:144,2
DA:146,3
DA:150,2
LH:31
LF:54
end_of_record
SF:/home/guilherme/Tseir.jl/test/../src/sir.jl
DA:9,6
DA:10,6
DA:11,6
LH:3
LF:3
end_of_record
SF:/home/guilherme/Tseir.jl/test/../src/state.jl
DA:20,3
DA:21,0
DA:23,3
DA:24,3
DA:25,3
DA:26,0
DA:27,0
DA:28,0
DA:29,0
DA:31,3
DA:32,0
DA:34,3
DA:35,3
DA:36,3
DA:37,3
DA:38,3
DA:39,3
DA:40,3
DA:41,3
DA:42,3
DA:43,3
DA:44,3
DA:46,3
DA:47,0
DA:49,3
DA:50,6
DA:51,6
DA:52,10
DA:53,0
DA:55,1
DA:58,0
DA:59,0
DA:60,0
DA:62,0
DA:63,0
DA:64,0
DA:65,1
DA:68,1
DA:69,2
DA:70,1
DA:71,1
DA:72,1
DA:74,2
DA:77,1
DA:79,0
DA:81,6
DA:82,6
DA:83,0
DA:85,12
DA:86,0
DA:88,6
DA:90,6
DA:91,6
DA:92,6
DA:93,0
DA:95,6
DA:96,6
DA:97,3
DA:99,3
DA:100,3
DA:102,6
DA:103,1
DA:105,6
DA:106,1
DA:108,6
DA:109,6
DA:110,12
DA:112,3
DA:116,99
DA:117,99
DA:119,0
DA:120,36
DA:121,11
DA:123,0
DA:127,43
DA:128,43
DA:130,1
DA:131,8
DA:132,4
DA:134,3
DA:135,3
DA:136,3
DA:140,136
DA:147,48
DA:149,69
DA:150,5
DA:152,3
DA:153,2
DA:155,6
DA:156,2
DA:158,6
DA:159,0
DA:161,0
DA:162,0
DA:173,6
DA:180,6
DA:184,40
DA:188,18
DA:192,10
DA:197,12
DA:201,36
DA:203,37
DA:204,25
DA:205,25
DA:206,24
DA:208,25
DA:212,12
DA:213,0
DA:216,12
DA:217,12
LH:86
LF:110
end_of_record
